<?xml version="1.0" encoding="UTF-8"?>
<!-- Generated by org.testng.reporters.JUnitReportReporter -->
<testsuite hostname="DESKTOP-NA6LRAU" failures="0" tests="2" name="com.swaglab.tests.ProductPageTest" time="1.288" errors="0" timestamp="2024-05-09T02:00:10 IST" skipped="0">
  <testcase classname="com.swaglab.tests.ProductPageTest" name="productPageTitleTest" time="0.376"/>
  <system-out/>
  <testcase classname="com.swaglab.tests.ProductPageTest" name="addTocartTest" time="0.912"/>
  <system-out/>
</testsuite> <!-- com.swaglab.tests.ProductPageTest -->
