<?xml version="1.0" encoding="UTF-8"?>
<!-- Generated by org.testng.reporters.JUnitReportReporter -->
<testsuite hostname="DESKTOP-NA6LRAU" failures="0" tests="2" name="com.swaglab.tests.ProductPageTest" time="1.508" errors="0" timestamp="2024-05-10T02:12:52 IST" skipped="0">
  <testcase classname="com.swaglab.tests.ProductPageTest" name="productPageTitleTest" time="0.576"/>
  <system-out/>
  <testcase classname="com.swaglab.tests.ProductPageTest" name="addTocartTest" time="0.932"/>
  <system-out/>
</testsuite> <!-- com.swaglab.tests.ProductPageTest -->
